This file contains any messages produced by compilers while
running configure, to aid debugging if configure makes a mistake.

It was created by xboard configure 4.7.3, which was
generated by GNU Autoconf 2.69.  Invocation command line was

  $ ./configure --disable-nls

## --------- ##
## Platform. ##
## --------- ##

hostname = lvlichael8
uname -m = x86_64
uname -r = 2.6.32-358.14.1.el6.x86_64
uname -s = Linux
uname -v = #1 SMP Tue Jul 16 23:51:20 UTC 2013

/usr/bin/uname -p = unknown
/bin/uname -X     = unknown

/bin/arch              = x86_64
/usr/bin/arch -k       = unknown
/usr/convex/getsysinfo = unknown
/usr/bin/hostinfo      = unknown
/bin/machine           = unknown
/usr/bin/oslevel       = unknown
/bin/universe          = unknown

PATH: /usr/lib64/qt-3.3/bin
PATH: /usr/local/sbin
PATH: /usr/sbin
PATH: /sbin
PATH: /usr/local/bin
PATH: /usr/bin
PATH: /bin
PATH: /root/bin


## ----------- ##
## Core tests. ##
## ----------- ##

configure:2313: checking for a BSD-compatible install
configure:2381: result: /usr/bin/install -c
configure:2392: checking whether build environment is sane
configure:2447: result: yes
configure:2598: checking for a thread-safe mkdir -p
configure:2637: result: /bin/mkdir -p
configure:2644: checking for gawk
configure:2660: found /usr/bin/gawk
configure:2671: result: gawk
configure:2682: checking whether make sets $(MAKE)
configure:2704: result: yes
configure:2733: checking whether make supports nested variables
configure:2750: result: yes
configure:2845: checking whether make supports nested variables
configure:2862: result: yes
configure:2953: checking for gcc
configure:2969: found /usr/bin/gcc
configure:2980: result: gcc
configure:3209: checking for C compiler version
configure:3218: gcc --version >&5
gcc (GCC) 4.4.7 20120313 (Red Hat 4.4.7-3)
Copyright (C) 2010 Free Software Foundation, Inc.
This is free software; see the source for copying conditions.  There is NO
warranty; not even for MERCHANTABILITY or FITNESS FOR A PARTICULAR PURPOSE.

configure:3229: $? = 0
configure:3218: gcc -v >&5
Using built-in specs.
Target: x86_64-redhat-linux
Configured with: ../configure --prefix=/usr --mandir=/usr/share/man --infodir=/usr/share/info --with-bugurl=http://bugzilla.redhat.com/bugzilla --enable-bootstrap --enable-shared --enable-threads=posix --enable-checking=release --with-system-zlib --enable-__cxa_atexit --disable-libunwind-exceptions --enable-gnu-unique-object --enable-languages=c,c++,objc,obj-c++,java,fortran,ada --enable-java-awt=gtk --disable-dssi --with-java-home=/usr/lib/jvm/java-1.5.0-gcj-1.5.0.0/jre --enable-libgcj-multifile --enable-java-maintainer-mode --with-ecj-jar=/usr/share/java/eclipse-ecj.jar --disable-libjava-multilib --with-ppl --with-cloog --with-tune=generic --with-arch_32=i686 --build=x86_64-redhat-linux
Thread model: posix
gcc version 4.4.7 20120313 (Red Hat 4.4.7-3) (GCC) 
configure:3229: $? = 0
configure:3218: gcc -V >&5
gcc: '-V' option must have argument
configure:3229: $? = 1
configure:3218: gcc -qversion >&5
gcc: unrecognized option '-qversion'
gcc: no input files
configure:3229: $? = 1
configure:3249: checking whether the C compiler works
configure:3271: gcc     conftest.c  >&5
configure:3275: $? = 0
configure:3323: result: yes
configure:3326: checking for C compiler default output file name
configure:3328: result: a.out
configure:3334: checking for suffix of executables
configure:3341: gcc -o conftest     conftest.c  >&5
configure:3345: $? = 0
configure:3367: result: 
configure:3389: checking whether we are cross compiling
configure:3397: gcc -o conftest     conftest.c  >&5
configure:3401: $? = 0
configure:3408: ./conftest
configure:3412: $? = 0
configure:3427: result: no
configure:3432: checking for suffix of object files
configure:3454: gcc -c    conftest.c >&5
configure:3458: $? = 0
configure:3479: result: o
configure:3483: checking whether we are using the GNU C compiler
configure:3502: gcc -c    conftest.c >&5
configure:3502: $? = 0
configure:3511: result: yes
configure:3520: checking whether gcc accepts -g
configure:3540: gcc -c -g  conftest.c >&5
configure:3540: $? = 0
configure:3581: result: yes
configure:3598: checking for gcc option to accept ISO C89
configure:3661: gcc  -c    conftest.c >&5
configure:3661: $? = 0
configure:3674: result: none needed
configure:3705: checking for style of include used by make
configure:3733: result: GNU
configure:3759: checking dependency style of gcc
configure:3870: result: gcc3
configure:3887: checking whether gcc and cc understand -c and -o together
configure:3918: gcc -c conftest.c -o conftest2.o >&5
configure:3922: $? = 0
configure:3928: gcc -c conftest.c -o conftest2.o >&5
configure:3932: $? = 0
configure:3943: cc -c conftest.c >&5
configure:3947: $? = 0
configure:3955: cc -c conftest.c -o conftest2.o >&5
configure:3959: $? = 0
configure:3965: cc -c conftest.c -o conftest2.o >&5
configure:3969: $? = 0
configure:3987: result: yes
configure:4018: checking how to run the C preprocessor
configure:4049: gcc -E  conftest.c
configure:4049: $? = 0
configure:4063: gcc -E  conftest.c
conftest.c:11:28: error: ac_nonexistent.h: No such file or directory
configure:4063: $? = 1
configure: failed program was:
| /* confdefs.h */
| #define PACKAGE_NAME "xboard"
| #define PACKAGE_TARNAME "xboard"
| #define PACKAGE_VERSION "4.7.3"
| #define PACKAGE_STRING "xboard 4.7.3"
| #define PACKAGE_BUGREPORT "bug-xboard@gnu.org"
| #define PACKAGE_URL ""
| #define PACKAGE "xboard"
| #define VERSION "4.7.3"
| /* end confdefs.h.  */
| #include <ac_nonexistent.h>
configure:4088: result: gcc -E
configure:4108: gcc -E  conftest.c
configure:4108: $? = 0
configure:4122: gcc -E  conftest.c
conftest.c:11:28: error: ac_nonexistent.h: No such file or directory
configure:4122: $? = 1
configure: failed program was:
| /* confdefs.h */
| #define PACKAGE_NAME "xboard"
| #define PACKAGE_TARNAME "xboard"
| #define PACKAGE_VERSION "4.7.3"
| #define PACKAGE_STRING "xboard 4.7.3"
| #define PACKAGE_BUGREPORT "bug-xboard@gnu.org"
| #define PACKAGE_URL ""
| #define PACKAGE "xboard"
| #define VERSION "4.7.3"
| /* end confdefs.h.  */
| #include <ac_nonexistent.h>
configure:4151: checking for library containing strerror
configure:4182: gcc -o conftest     conftest.c  >&5
configure:4182: $? = 0
configure:4199: result: none required
configure:4218: checking whether NLS is requested
configure:4227: result: no
configure:4268: checking for msgfmt
configure: trying /usr/bin/msgfmt...
0 translated messages.
configure:4300: result: /usr/bin/msgfmt
configure:4309: checking for gmsgfmt
configure:4340: result: /usr/bin/msgfmt
configure:4391: checking for xgettext
configure: trying /usr/bin/xgettext...
/usr/bin/xgettext: warning: file `/dev/null' extension `' is unknown; will try C
configure:4423: result: /usr/bin/xgettext
configure:4469: checking for msgmerge
configure: trying /usr/bin/msgmerge...
configure:4500: result: /usr/bin/msgmerge
configure:4537: checking build system type
configure:4551: result: x86_64-unknown-linux-gnu
configure:4571: checking host system type
configure:4584: result: x86_64-unknown-linux-gnu
configure:4628: checking for ld used by GCC
configure:4692: result: /usr/bin/ld
configure:4699: checking if the linker (/usr/bin/ld) is GNU ld
configure:4712: result: yes
configure:4719: checking for shared library run path origin
configure:4732: result: done
configure:4752: checking for grep that handles long lines and -e
configure:4810: result: /bin/grep
configure:4815: checking for egrep
configure:4877: result: /bin/grep -E
configure:5435: checking for CFPreferencesCopyAppValue
configure:5453: gcc -o conftest     conftest.c  -Wl,-framework -Wl,CoreFoundation >&5
conftest.c:11:42: error: CoreFoundation/CFPreferences.h: No such file or directory
conftest.c: In function 'main':
conftest.c:15: error: 'NULL' undeclared (first use in this function)
conftest.c:15: error: (Each undeclared identifier is reported only once
conftest.c:15: error: for each function it appears in.)
configure:5453: $? = 1
configure: failed program was:
| /* confdefs.h */
| #define PACKAGE_NAME "xboard"
| #define PACKAGE_TARNAME "xboard"
| #define PACKAGE_VERSION "4.7.3"
| #define PACKAGE_STRING "xboard 4.7.3"
| #define PACKAGE_BUGREPORT "bug-xboard@gnu.org"
| #define PACKAGE_URL ""
| #define PACKAGE "xboard"
| #define VERSION "4.7.3"
| /* end confdefs.h.  */
| #include <CoreFoundation/CFPreferences.h>
| int
| main ()
| {
| CFPreferencesCopyAppValue(NULL, NULL)
|   ;
|   return 0;
| }
configure:5462: result: no
configure:5469: checking for CFLocaleCopyCurrent
configure:5487: gcc -o conftest     conftest.c  -Wl,-framework -Wl,CoreFoundation >&5
conftest.c:11:37: error: CoreFoundation/CFLocale.h: No such file or directory
configure:5487: $? = 1
configure: failed program was:
| /* confdefs.h */
| #define PACKAGE_NAME "xboard"
| #define PACKAGE_TARNAME "xboard"
| #define PACKAGE_VERSION "4.7.3"
| #define PACKAGE_STRING "xboard 4.7.3"
| #define PACKAGE_BUGREPORT "bug-xboard@gnu.org"
| #define PACKAGE_URL ""
| #define PACKAGE "xboard"
| #define VERSION "4.7.3"
| /* end confdefs.h.  */
| #include <CoreFoundation/CFLocale.h>
| int
| main ()
| {
| CFLocaleCopyCurrent();
|   ;
|   return 0;
| }
configure:5496: result: no
configure:6365: checking whether to use NLS
configure:6367: result: no
configure:6443: checking for remsh
configure:6473: result: no
configure:6443: checking for rsh
configure:6473: result: no
configure:6486: checking for makeinfo
configure:6502: found /usr/bin/makeinfo
configure:6513: result: makeinfo
configure:6535: checking for nroff
configure:6551: found /usr/bin/nroff
configure:6563: result: nroff -man
configure:6576: checking for awk
configure:6594: found /usr/bin/awk
configure:6606: result: /usr/bin/awk
configure:6621: checking for perl
configure:6639: found /usr/bin/perl
configure:6651: result: /usr/bin/perl
configure:6663: checking for ANSI C header files
configure:6683: gcc -c    conftest.c >&5
configure:6683: $? = 0
configure:6756: gcc -o conftest     conftest.c  >&5
configure:6756: $? = 0
configure:6756: ./conftest
configure:6756: $? = 0
configure:6767: result: yes
configure:6775: checking whether time.h and sys/time.h may both be included
configure:6795: gcc -c    conftest.c >&5
configure:6795: $? = 0
configure:6802: result: yes
configure:6810: checking for sys/wait.h that is POSIX.1 compatible
configure:6836: gcc -c    conftest.c >&5
configure:6836: $? = 0
configure:6843: result: yes
configure:6854: checking for dirent.h that defines DIR
configure:6873: gcc -c    conftest.c >&5
configure:6873: $? = 0
configure:6881: result: yes
configure:6894: checking for library containing opendir
configure:6925: gcc -o conftest     conftest.c  >&5
configure:6925: $? = 0
configure:6942: result: none required
configure:7009: checking return type of signal handlers
configure:7027: gcc -c    conftest.c >&5
conftest.c: In function 'main':
conftest.c:22: error: void value not ignored as it ought to be
configure:7027: $? = 1
configure: failed program was:
| /* confdefs.h */
| #define PACKAGE_NAME "xboard"
| #define PACKAGE_TARNAME "xboard"
| #define PACKAGE_VERSION "4.7.3"
| #define PACKAGE_STRING "xboard 4.7.3"
| #define PACKAGE_BUGREPORT "bug-xboard@gnu.org"
| #define PACKAGE_URL ""
| #define PACKAGE "xboard"
| #define VERSION "4.7.3"
| #define REMOTE_SHELL "rsh"
| #define STDC_HEADERS 1
| #define TIME_WITH_SYS_TIME 1
| #define HAVE_SYS_WAIT_H 1
| #define HAVE_DIRENT_H 1
| /* end confdefs.h.  */
| #include <sys/types.h>
| #include <signal.h>
| 
| int
| main ()
| {
| return *(signal (0, 0)) (0) == 1;
|   ;
|   return 0;
| }
configure:7034: result: void
configure:7047: checking for sys/types.h
configure:7047: gcc -c    conftest.c >&5
configure:7047: $? = 0
configure:7047: result: yes
configure:7047: checking for sys/stat.h
configure:7047: gcc -c    conftest.c >&5
configure:7047: $? = 0
configure:7047: result: yes
configure:7047: checking for stdlib.h
configure:7047: gcc -c    conftest.c >&5
configure:7047: $? = 0
configure:7047: result: yes
configure:7047: checking for string.h
configure:7047: gcc -c    conftest.c >&5
configure:7047: $? = 0
configure:7047: result: yes
configure:7047: checking for memory.h
configure:7047: gcc -c    conftest.c >&5
configure:7047: $? = 0
configure:7047: result: yes
configure:7047: checking for strings.h
configure:7047: gcc -c    conftest.c >&5
configure:7047: $? = 0
configure:7047: result: yes
configure:7047: checking for inttypes.h
configure:7047: gcc -c    conftest.c >&5
configure:7047: $? = 0
configure:7047: result: yes
configure:7047: checking for stdint.h
configure:7047: gcc -c    conftest.c >&5
configure:7047: $? = 0
configure:7047: result: yes
configure:7047: checking for unistd.h
configure:7047: gcc -c    conftest.c >&5
configure:7047: $? = 0
configure:7047: result: yes
configure:7062: checking stropts.h usability
configure:7062: gcc -c    conftest.c >&5
conftest.c:59:21: error: stropts.h: No such file or directory
configure:7062: $? = 1
configure: failed program was:
| /* confdefs.h */
| #define PACKAGE_NAME "xboard"
| #define PACKAGE_TARNAME "xboard"
| #define PACKAGE_VERSION "4.7.3"
| #define PACKAGE_STRING "xboard 4.7.3"
| #define PACKAGE_BUGREPORT "bug-xboard@gnu.org"
| #define PACKAGE_URL ""
| #define PACKAGE "xboard"
| #define VERSION "4.7.3"
| #define REMOTE_SHELL "rsh"
| #define STDC_HEADERS 1
| #define TIME_WITH_SYS_TIME 1
| #define HAVE_SYS_WAIT_H 1
| #define HAVE_DIRENT_H 1
| #define RETSIGTYPE void
| #define HAVE_SYS_TYPES_H 1
| #define HAVE_SYS_STAT_H 1
| #define HAVE_STDLIB_H 1
| #define HAVE_STRING_H 1
| #define HAVE_MEMORY_H 1
| #define HAVE_STRINGS_H 1
| #define HAVE_INTTYPES_H 1
| #define HAVE_STDINT_H 1
| #define HAVE_UNISTD_H 1
| /* end confdefs.h.  */
| #include <stdio.h>
| #ifdef HAVE_SYS_TYPES_H
| # include <sys/types.h>
| #endif
| #ifdef HAVE_SYS_STAT_H
| # include <sys/stat.h>
| #endif
| #ifdef STDC_HEADERS
| # include <stdlib.h>
| # include <stddef.h>
| #else
| # ifdef HAVE_STDLIB_H
| #  include <stdlib.h>
| # endif
| #endif
| #ifdef HAVE_STRING_H
| # if !defined STDC_HEADERS && defined HAVE_MEMORY_H
| #  include <memory.h>
| # endif
| # include <string.h>
| #endif
| #ifdef HAVE_STRINGS_H
| # include <strings.h>
| #endif
| #ifdef HAVE_INTTYPES_H
| # include <inttypes.h>
| #endif
| #ifdef HAVE_STDINT_H
| # include <stdint.h>
| #endif
| #ifdef HAVE_UNISTD_H
| # include <unistd.h>
| #endif
| #include <stropts.h>
configure:7062: result: no
configure:7062: checking stropts.h presence
configure:7062: gcc -E  conftest.c
conftest.c:26:21: error: stropts.h: No such file or directory
configure:7062: $? = 1
configure: failed program was:
| /* confdefs.h */
| #define PACKAGE_NAME "xboard"
| #define PACKAGE_TARNAME "xboard"
| #define PACKAGE_VERSION "4.7.3"
| #define PACKAGE_STRING "xboard 4.7.3"
| #define PACKAGE_BUGREPORT "bug-xboard@gnu.org"
| #define PACKAGE_URL ""
| #define PACKAGE "xboard"
| #define VERSION "4.7.3"
| #define REMOTE_SHELL "rsh"
| #define STDC_HEADERS 1
| #define TIME_WITH_SYS_TIME 1
| #define HAVE_SYS_WAIT_H 1
| #define HAVE_DIRENT_H 1
| #define RETSIGTYPE void
| #define HAVE_SYS_TYPES_H 1
| #define HAVE_SYS_STAT_H 1
| #define HAVE_STDLIB_H 1
| #define HAVE_STRING_H 1
| #define HAVE_MEMORY_H 1
| #define HAVE_STRINGS_H 1
| #define HAVE_INTTYPES_H 1
| #define HAVE_STDINT_H 1
| #define HAVE_UNISTD_H 1
| /* end confdefs.h.  */
| #include <stropts.h>
configure:7062: result: no
configure:7062: checking for stropts.h
configure:7062: result: no
configure:7062: checking sys/time.h usability
configure:7062: gcc -c    conftest.c >&5
configure:7062: $? = 0
configure:7062: result: yes
configure:7062: checking sys/time.h presence
configure:7062: gcc -E  conftest.c
configure:7062: $? = 0
configure:7062: result: yes
configure:7062: checking for sys/time.h
configure:7062: result: yes
configure:7062: checking for string.h
configure:7062: result: yes
configure:7062: checking for unistd.h
configure:7062: result: yes
configure:7062: checking sys/systeminfo.h usability
configure:7062: gcc -c    conftest.c >&5
conftest.c:62:28: error: sys/systeminfo.h: No such file or directory
configure:7062: $? = 1
configure: failed program was:
| /* confdefs.h */
| #define PACKAGE_NAME "xboard"
| #define PACKAGE_TARNAME "xboard"
| #define PACKAGE_VERSION "4.7.3"
| #define PACKAGE_STRING "xboard 4.7.3"
| #define PACKAGE_BUGREPORT "bug-xboard@gnu.org"
| #define PACKAGE_URL ""
| #define PACKAGE "xboard"
| #define VERSION "4.7.3"
| #define REMOTE_SHELL "rsh"
| #define STDC_HEADERS 1
| #define TIME_WITH_SYS_TIME 1
| #define HAVE_SYS_WAIT_H 1
| #define HAVE_DIRENT_H 1
| #define RETSIGTYPE void
| #define HAVE_SYS_TYPES_H 1
| #define HAVE_SYS_STAT_H 1
| #define HAVE_STDLIB_H 1
| #define HAVE_STRING_H 1
| #define HAVE_MEMORY_H 1
| #define HAVE_STRINGS_H 1
| #define HAVE_INTTYPES_H 1
| #define HAVE_STDINT_H 1
| #define HAVE_UNISTD_H 1
| #define HAVE_SYS_TIME_H 1
| #define HAVE_STRING_H 1
| #define HAVE_UNISTD_H 1
| /* end confdefs.h.  */
| #include <stdio.h>
| #ifdef HAVE_SYS_TYPES_H
| # include <sys/types.h>
| #endif
| #ifdef HAVE_SYS_STAT_H
| # include <sys/stat.h>
| #endif
| #ifdef STDC_HEADERS
| # include <stdlib.h>
| # include <stddef.h>
| #else
| # ifdef HAVE_STDLIB_H
| #  include <stdlib.h>
| # endif
| #endif
| #ifdef HAVE_STRING_H
| # if !defined STDC_HEADERS && defined HAVE_MEMORY_H
| #  include <memory.h>
| # endif
| # include <string.h>
| #endif
| #ifdef HAVE_STRINGS_H
| # include <strings.h>
| #endif
| #ifdef HAVE_INTTYPES_H
| # include <inttypes.h>
| #endif
| #ifdef HAVE_STDINT_H
| # include <stdint.h>
| #endif
| #ifdef HAVE_UNISTD_H
| # include <unistd.h>
| #endif
| #include <sys/systeminfo.h>
configure:7062: result: no
configure:7062: checking sys/systeminfo.h presence
configure:7062: gcc -E  conftest.c
conftest.c:29:28: error: sys/systeminfo.h: No such file or directory
configure:7062: $? = 1
configure: failed program was:
| /* confdefs.h */
| #define PACKAGE_NAME "xboard"
| #define PACKAGE_TARNAME "xboard"
| #define PACKAGE_VERSION "4.7.3"
| #define PACKAGE_STRING "xboard 4.7.3"
| #define PACKAGE_BUGREPORT "bug-xboard@gnu.org"
| #define PACKAGE_URL ""
| #define PACKAGE "xboard"
| #define VERSION "4.7.3"
| #define REMOTE_SHELL "rsh"
| #define STDC_HEADERS 1
| #define TIME_WITH_SYS_TIME 1
| #define HAVE_SYS_WAIT_H 1
| #define HAVE_DIRENT_H 1
| #define RETSIGTYPE void
| #define HAVE_SYS_TYPES_H 1
| #define HAVE_SYS_STAT_H 1
| #define HAVE_STDLIB_H 1
| #define HAVE_STRING_H 1
| #define HAVE_MEMORY_H 1
| #define HAVE_STRINGS_H 1
| #define HAVE_INTTYPES_H 1
| #define HAVE_STDINT_H 1
| #define HAVE_UNISTD_H 1
| #define HAVE_SYS_TIME_H 1
| #define HAVE_STRING_H 1
| #define HAVE_UNISTD_H 1
| /* end confdefs.h.  */
| #include <sys/systeminfo.h>
configure:7062: result: no
configure:7062: checking for sys/systeminfo.h
configure:7062: result: no
configure:7075: checking fcntl.h usability
configure:7075: gcc -c    conftest.c >&5
configure:7075: $? = 0
configure:7075: result: yes
configure:7075: checking fcntl.h presence
configure:7075: gcc -E  conftest.c
configure:7075: $? = 0
configure:7075: result: yes
configure:7075: checking for fcntl.h
configure:7075: result: yes
configure:7088: checking sys/socket.h usability
configure:7088: gcc -c    conftest.c >&5
configure:7088: $? = 0
configure:7088: result: yes
configure:7088: checking sys/socket.h presence
configure:7088: gcc -E  conftest.c
configure:7088: $? = 0
configure:7088: result: yes
configure:7088: checking for sys/socket.h
configure:7088: result: yes
configure:7098: checking stddef.h usability
configure:7098: gcc -c    conftest.c >&5
configure:7098: $? = 0
configure:7098: result: yes
configure:7098: checking stddef.h presence
configure:7098: gcc -E  conftest.c
configure:7098: $? = 0
configure:7098: result: yes
configure:7098: checking for stddef.h
configure:7098: result: yes
configure:7111: checking for _getpty
configure:7111: gcc -o conftest     conftest.c  >&5
/tmp/ccedGgu9.o: In function `main':
conftest.c:(.text+0xa): undefined reference to `_getpty'
collect2: ld returned 1 exit status
configure:7111: $? = 1
configure: failed program was:
| /* confdefs.h */
| #define PACKAGE_NAME "xboard"
| #define PACKAGE_TARNAME "xboard"
| #define PACKAGE_VERSION "4.7.3"
| #define PACKAGE_STRING "xboard 4.7.3"
| #define PACKAGE_BUGREPORT "bug-xboard@gnu.org"
| #define PACKAGE_URL ""
| #define PACKAGE "xboard"
| #define VERSION "4.7.3"
| #define REMOTE_SHELL "rsh"
| #define STDC_HEADERS 1
| #define TIME_WITH_SYS_TIME 1
| #define HAVE_SYS_WAIT_H 1
| #define HAVE_DIRENT_H 1
| #define RETSIGTYPE void
| #define HAVE_SYS_TYPES_H 1
| #define HAVE_SYS_STAT_H 1
| #define HAVE_STDLIB_H 1
| #define HAVE_STRING_H 1
| #define HAVE_MEMORY_H 1
| #define HAVE_STRINGS_H 1
| #define HAVE_INTTYPES_H 1
| #define HAVE_STDINT_H 1
| #define HAVE_UNISTD_H 1
| #define HAVE_SYS_TIME_H 1
| #define HAVE_STRING_H 1
| #define HAVE_UNISTD_H 1
| #define HAVE_FCNTL_H 1
| #define HAVE_SYS_SOCKET_H 1
| /* end confdefs.h.  */
| /* Define _getpty to an innocuous variant, in case <limits.h> declares _getpty.
|    For example, HP-UX 11i <limits.h> declares gettimeofday.  */
| #define _getpty innocuous__getpty
| 
| /* System header to define __stub macros and hopefully few prototypes,
|     which can conflict with char _getpty (); below.
|     Prefer <limits.h> to <assert.h> if __STDC__ is defined, since
|     <limits.h> exists even on freestanding compilers.  */
| 
| #ifdef __STDC__
| # include <limits.h>
| #else
| # include <assert.h>
| #endif
| 
| #undef _getpty
| 
| /* Override any GCC internal prototype to avoid an error.
|    Use char because int might match the return type of a GCC
|    builtin and then its argument prototype would still apply.  */
| #ifdef __cplusplus
| extern "C"
| #endif
| char _getpty ();
| /* The GNU C library defines this for functions which it implements
|     to always fail with ENOSYS.  Some functions are actually named
|     something starting with __ and the normal name is an alias.  */
| #if defined __stub__getpty || defined __stub____getpty
| choke me
| #endif
| 
| int
| main ()
| {
| return _getpty ();
|   ;
|   return 0;
| }
configure:7111: result: no
configure:7111: checking for grantpt
configure:7111: gcc -o conftest     conftest.c  >&5
configure:7111: $? = 0
configure:7111: result: yes
configure:7111: checking for setitimer
configure:7111: gcc -o conftest     conftest.c  >&5
configure:7111: $? = 0
configure:7111: result: yes
configure:7111: checking for usleep
configure:7111: gcc -o conftest     conftest.c  >&5
configure:7111: $? = 0
configure:7111: result: yes
configure:7123: checking for gettimeofday
configure:7123: gcc -o conftest     conftest.c  >&5
configure:7123: $? = 0
configure:7123: result: yes
configure:7135: checking for random
configure:7135: gcc -o conftest     conftest.c  >&5
configure:7135: $? = 0
configure:7135: result: yes
configure:7147: checking for gethostname
configure:7147: gcc -o conftest     conftest.c  >&5
configure:7147: $? = 0
configure:7147: result: yes
configure:7156: checking for setlocale
configure:7156: gcc -o conftest     conftest.c  >&5
configure:7156: $? = 0
configure:7156: result: yes
configure:7211: checking for getpseudotty in -lseq
configure:7236: gcc -o conftest     conftest.c -lseq   >&5
/usr/bin/ld: cannot find -lseq
collect2: ld returned 1 exit status
configure:7236: $? = 1
configure: failed program was:
| /* confdefs.h */
| #define PACKAGE_NAME "xboard"
| #define PACKAGE_TARNAME "xboard"
| #define PACKAGE_VERSION "4.7.3"
| #define PACKAGE_STRING "xboard 4.7.3"
| #define PACKAGE_BUGREPORT "bug-xboard@gnu.org"
| #define PACKAGE_URL ""
| #define PACKAGE "xboard"
| #define VERSION "4.7.3"
| #define REMOTE_SHELL "rsh"
| #define STDC_HEADERS 1
| #define TIME_WITH_SYS_TIME 1
| #define HAVE_SYS_WAIT_H 1
| #define HAVE_DIRENT_H 1
| #define RETSIGTYPE void
| #define HAVE_SYS_TYPES_H 1
| #define HAVE_SYS_STAT_H 1
| #define HAVE_STDLIB_H 1
| #define HAVE_STRING_H 1
| #define HAVE_MEMORY_H 1
| #define HAVE_STRINGS_H 1
| #define HAVE_INTTYPES_H 1
| #define HAVE_STDINT_H 1
| #define HAVE_UNISTD_H 1
| #define HAVE_SYS_TIME_H 1
| #define HAVE_STRING_H 1
| #define HAVE_UNISTD_H 1
| #define HAVE_FCNTL_H 1
| #define HAVE_SYS_SOCKET_H 1
| #define HAVE_GRANTPT 1
| #define HAVE_SETITIMER 1
| #define HAVE_USLEEP 1
| #define HAVE_GETTIMEOFDAY 1
| #define HAVE_RANDOM 1
| #define HAVE_GETHOSTNAME 1
| /* end confdefs.h.  */
| 
| /* Override any GCC internal prototype to avoid an error.
|    Use char because int might match the return type of a GCC
|    builtin and then its argument prototype would still apply.  */
| #ifdef __cplusplus
| extern "C"
| #endif
| char getpseudotty ();
| int
| main ()
| {
| return getpseudotty ();
|   ;
|   return 0;
| }
configure:7245: result: no
configure:7257: checking whether compiler understands -Wall -Wno-parentheses
configure:7272: gcc -c   -Wall -Wno-parentheses  conftest.c >&5
configure:7272: $? = 0
configure:7273: result: yes
configure:7286: checking for pkg-config
configure:7302: found /usr/bin/pkg-config
configure:7313: result: pkg-config
configure:7383: checking for pkg-config
configure:7401: found /usr/bin/pkg-config
configure:7413: result: /usr/bin/pkg-config
configure:7438: checking pkg-config is at least version 0.9.0
configure:7441: result: yes
configure:7451: checking for CAIRO
configure:7458: $PKG_CONFIG --exists --print-errors " cairo >= 1.2.0 librsvg-2.0 >= 2.14.0 "
configure:7461: $? = 0
configure:7475: $PKG_CONFIG --exists --print-errors " cairo >= 1.2.0 librsvg-2.0 >= 2.14.0 "
configure:7478: $? = 0
configure:7536: result: yes
configure:7671: checking for X
configure:7779: gcc -E  conftest.c
configure:7779: $? = 0
configure:7810: gcc -o conftest   -Wall -Wno-parentheses   conftest.c -lX11  >&5
configure:7810: $? = 0
configure:7860: result: libraries , headers 
configure:7959: gcc -o conftest   -Wall -Wno-parentheses   conftest.c   -lX11 >&5
configure:7959: $? = 0
configure:8057: checking for gethostbyname
configure:8057: gcc -o conftest   -Wall -Wno-parentheses   conftest.c  >&5
configure:8057: $? = 0
configure:8057: result: yes
configure:8154: checking for connect
configure:8154: gcc -o conftest   -Wall -Wno-parentheses   conftest.c  >&5
configure:8154: $? = 0
configure:8154: result: yes
configure:8203: checking for remove
configure:8203: gcc -o conftest   -Wall -Wno-parentheses   conftest.c  >&5
configure:8203: $? = 0
configure:8203: result: yes
configure:8252: checking for shmat
configure:8252: gcc -o conftest   -Wall -Wno-parentheses   conftest.c  >&5
configure:8252: $? = 0
configure:8252: result: yes
configure:8310: checking for IceConnectionNumber in -lICE
configure:8335: gcc -o conftest   -Wall -Wno-parentheses   conftest.c -lICE   >&5
configure:8335: $? = 0
configure:8344: result: yes
configure:8364: checking X11/Intrinsic.h usability
configure:8364: gcc -c   -Wall -Wno-parentheses    conftest.c >&5
configure:8364: $? = 0
configure:8364: result: yes
configure:8364: checking X11/Intrinsic.h presence
configure:8364: gcc -E   conftest.c
configure:8364: $? = 0
configure:8364: result: yes
configure:8364: checking for X11/Intrinsic.h
configure:8364: result: yes
configure:8434: checking X11/Xaw/Dialog.h usability
configure:8434: gcc -c   -Wall -Wno-parentheses    conftest.c >&5
configure:8434: $? = 0
configure:8434: result: yes
configure:8434: checking X11/Xaw/Dialog.h presence
configure:8434: gcc -E   conftest.c
configure:8434: $? = 0
configure:8434: result: yes
configure:8434: checking for X11/Xaw/Dialog.h
configure:8434: result: yes
configure:8648: checking X11/xpm.h usability
configure:8648: gcc -c   -Wall -Wno-parentheses    conftest.c >&5
configure:8648: $? = 0
configure:8648: result: yes
configure:8648: checking X11/xpm.h presence
configure:8648: gcc -E   conftest.c
configure:8648: $? = 0
configure:8648: result: yes
configure:8648: checking for X11/xpm.h
configure:8648: result: yes
configure:8663: checking for XpmReadFileToPixmap in -lXpm
configure:8688: gcc -o conftest   -Wall -Wno-parentheses    conftest.c -lXpm  -lSM -lICE -lX11   >&5
configure:8688: $? = 0
configure:8697: result: yes
configure:8713: checking whether ptys or pipes should be used
configure:8735: result: pipes
configure:8816: checking for xdg-mime
configure:8834: found /usr/bin/xdg-mime
configure:8846: result: /usr/bin/xdg-mime
configure:8857: checking for xdg-desktop-menu
configure:8875: found /usr/bin/xdg-desktop-menu
configure:8887: result: /usr/bin/xdg-desktop-menu
configure:8898: checking for xdg-icon-resource
configure:8916: found /usr/bin/xdg-icon-resource
configure:8928: result: /usr/bin/xdg-icon-resource
configure:9054: checking that generated files are newer than configure
configure:9060: result: done
configure:9103: creating ./config.status

## ---------------------- ##
## Running config.status. ##
## ---------------------- ##

This file was extended by xboard config.status 4.7.3, which was
generated by GNU Autoconf 2.69.  Invocation command line was

  CONFIG_FILES    = 
  CONFIG_HEADERS  = 
  CONFIG_LINKS    = 
  CONFIG_COMMANDS = 
  $ ./config.status 

on lvlichael8

config.status:947: creating Makefile
config.status:947: creating cmail
config.status:947: creating po/Makefile.in
config.status:947: creating config.h
config.status:1176: executing depfiles commands
config.status:1176: executing po-directories commands
config.status:1176: executing test-stamp-h commands
config.status:1176: executing chmod-cmail commands

## ---------------- ##
## Cache variables. ##
## ---------------- ##

ac_cv_build=x86_64-unknown-linux-gnu
ac_cv_c_compiler_gnu=yes
ac_cv_env_CAIRO_CFLAGS_set=
ac_cv_env_CAIRO_CFLAGS_value=
ac_cv_env_CAIRO_LIBS_set=
ac_cv_env_CAIRO_LIBS_value=
ac_cv_env_CC_set=
ac_cv_env_CC_value=
ac_cv_env_CFLAGS_set=
ac_cv_env_CFLAGS_value=
ac_cv_env_CPPFLAGS_set=
ac_cv_env_CPPFLAGS_value=
ac_cv_env_CPP_set=
ac_cv_env_CPP_value=
ac_cv_env_GTK_CFLAGS_set=
ac_cv_env_GTK_CFLAGS_value=
ac_cv_env_GTK_LIBS_set=
ac_cv_env_GTK_LIBS_value=
ac_cv_env_LDFLAGS_set=
ac_cv_env_LDFLAGS_value=
ac_cv_env_LIBS_set=
ac_cv_env_LIBS_value=
ac_cv_env_PKG_CONFIG_LIBDIR_set=
ac_cv_env_PKG_CONFIG_LIBDIR_value=
ac_cv_env_PKG_CONFIG_PATH_set=
ac_cv_env_PKG_CONFIG_PATH_value=
ac_cv_env_PKG_CONFIG_set=
ac_cv_env_PKG_CONFIG_value=
ac_cv_env_XMKMF_set=
ac_cv_env_XMKMF_value=
ac_cv_env_build_alias_set=
ac_cv_env_build_alias_value=
ac_cv_env_host_alias_set=
ac_cv_env_host_alias_value=
ac_cv_env_target_alias_set=
ac_cv_env_target_alias_value=
ac_cv_func__getpty=no
ac_cv_func_connect=yes
ac_cv_func_gethostbyname=yes
ac_cv_func_gethostname=yes
ac_cv_func_gettimeofday=yes
ac_cv_func_grantpt=yes
ac_cv_func_random=yes
ac_cv_func_remove=yes
ac_cv_func_setitimer=yes
ac_cv_func_setlocale=yes
ac_cv_func_shmat=yes
ac_cv_func_usleep=yes
ac_cv_have_x='have_x=yes	ac_x_includes='\'''\''	ac_x_libraries='\'''\'''
ac_cv_header_X11_Intrinsic_h=yes
ac_cv_header_X11_Xaw_Dialog_h=yes
ac_cv_header_X11_xpm_h=yes
ac_cv_header_dirent_dirent_h=yes
ac_cv_header_fcntl_h=yes
ac_cv_header_inttypes_h=yes
ac_cv_header_memory_h=yes
ac_cv_header_stdc=yes
ac_cv_header_stddef_h=yes
ac_cv_header_stdint_h=yes
ac_cv_header_stdlib_h=yes
ac_cv_header_string_h=yes
ac_cv_header_strings_h=yes
ac_cv_header_stropts_h=no
ac_cv_header_sys_socket_h=yes
ac_cv_header_sys_stat_h=yes
ac_cv_header_sys_systeminfo_h=no
ac_cv_header_sys_time_h=yes
ac_cv_header_sys_types_h=yes
ac_cv_header_sys_wait_h=yes
ac_cv_header_time=yes
ac_cv_header_unistd_h=yes
ac_cv_host=x86_64-unknown-linux-gnu
ac_cv_lib_ICE_IceConnectionNumber=yes
ac_cv_lib_Xpm_XpmReadFileToPixmap=yes
ac_cv_lib_seq_getpseudotty=no
ac_cv_objext=o
ac_cv_path_AWKPATH=/usr/bin/awk
ac_cv_path_EGREP='/bin/grep -E'
ac_cv_path_GMSGFMT=/usr/bin/msgfmt
ac_cv_path_GREP=/bin/grep
ac_cv_path_MSGFMT=/usr/bin/msgfmt
ac_cv_path_MSGMERGE=/usr/bin/msgmerge
ac_cv_path_PERLPATH=/usr/bin/perl
ac_cv_path_XDG_DESKTOP_MENU=/usr/bin/xdg-desktop-menu
ac_cv_path_XDG_ICON_RESOURCE=/usr/bin/xdg-icon-resource
ac_cv_path_XDG_MIME=/usr/bin/xdg-mime
ac_cv_path_XGETTEXT=/usr/bin/xgettext
ac_cv_path_ac_pt_PKG_CONFIG=/usr/bin/pkg-config
ac_cv_path_install='/usr/bin/install -c'
ac_cv_path_mkdir=/bin/mkdir
ac_cv_prog_AWK=gawk
ac_cv_prog_CPP='gcc -E'
ac_cv_prog_MINFO=makeinfo
ac_cv_prog_NROFF='nroff -man'
ac_cv_prog_PKGCONFIG=pkg-config
ac_cv_prog_ac_ct_CC=gcc
ac_cv_prog_cc_c89=
ac_cv_prog_cc_g=yes
ac_cv_prog_cc_gcc_c_o=yes
ac_cv_prog_make_make_set=yes
ac_cv_search_opendir='none required'
ac_cv_search_strerror='none required'
ac_cv_type_signal=void
acl_cv_hardcode_direct=no
acl_cv_hardcode_libdir_flag_spec='${wl}-rpath ${wl}$libdir'
acl_cv_hardcode_libdir_separator=
acl_cv_hardcode_minus_L=no
acl_cv_libext=a
acl_cv_libname_spec='lib$name'
acl_cv_library_names_spec='$libname$shrext'
acl_cv_path_LD=/usr/bin/ld
acl_cv_prog_gnu_ld=yes
acl_cv_rpath=done
acl_cv_shlibext=so
acl_cv_wl=-Wl,
am_cv_CC_dependencies_compiler_type=gcc3
am_cv_make_support_nested_variables=yes
gt_cv_func_CFLocaleCopyCurrent=no
gt_cv_func_CFPreferencesCopyAppValue=no
pkg_cv_CAIRO_CFLAGS='-I/usr/include/cairo -I/usr/include/pixman-1 -I/usr/include/freetype2 -I/usr/include/libpng12 -I/usr/include/librsvg-2 -I/usr/include/glib-2.0 -I/usr/lib64/glib-2.0/include -I/usr/include/gtk-2.0  '
pkg_cv_CAIRO_LIBS='-lrsvg-2 -lgdk_pixbuf-2.0 -lcairo -lgobject-2.0 -lgmodule-2.0 -lglib-2.0  '

## ----------------- ##
## Output variables. ##
## ----------------- ##

ACLOCAL='${SHELL} /root/Desktop/ecs/ecs40/hw2/xboard-4.7.3/missing aclocal-1.13'
AMDEPBACKSLASH='\'
AMDEP_FALSE='#'
AMDEP_TRUE=''
AMTAR='$${TAR-tar}'
AM_BACKSLASH='\'
AM_DEFAULT_V='$(AM_DEFAULT_VERBOSITY)'
AM_DEFAULT_VERBOSITY='0'
AM_V='$(V)'
AUTOCONF='${SHELL} /root/Desktop/ecs/ecs40/hw2/xboard-4.7.3/missing autoconf'
AUTOHEADER='${SHELL} /root/Desktop/ecs/ecs40/hw2/xboard-4.7.3/missing autoheader'
AUTOMAKE='${SHELL} /root/Desktop/ecs/ecs40/hw2/xboard-4.7.3/missing automake-1.13'
AWK='gawk'
AWKPATH='/usr/bin/awk'
CAIRO_CFLAGS='-I/usr/include/cairo -I/usr/include/pixman-1 -I/usr/include/freetype2 -I/usr/include/libpng12 -I/usr/include/librsvg-2 -I/usr/include/glib-2.0 -I/usr/lib64/glib-2.0/include -I/usr/include/gtk-2.0  '
CAIRO_LIBS='-lrsvg-2 -lgdk_pixbuf-2.0 -lcairo -lgobject-2.0 -lgmodule-2.0 -lglib-2.0  '
CC='gcc'
CCDEPMODE='depmode=gcc3'
CFLAGS='  -Wall -Wno-parentheses'
CONF_CFLAGS=''
CONF_LDFLAGS=''
CPP='gcc -E'
CPPFLAGS=''
CYGPATH_W='echo'
DEFS='-DHAVE_CONFIG_H'
DEPDIR='.deps'
ECHO_C=''
ECHO_N='-n'
ECHO_T=''
EGREP='/bin/grep -E'
ENABLE_UPDATE_MIMEDB_FALSE='#'
ENABLE_UPDATE_MIMEDB_TRUE=''
EXEEXT=''
FRONTEND_CFLAGS=''
FRONTEND_LIBS='-lXaw'
GETTEXT_MACRO_VERSION='0.18'
GMSGFMT='/usr/bin/msgfmt'
GMSGFMT_015='/usr/bin/msgfmt'
GREP='/bin/grep'
GTK_CFLAGS=''
GTK_LIBS=''
INSTALL_DATA='${INSTALL} -m 644'
INSTALL_PROGRAM='${INSTALL}'
INSTALL_SCRIPT='${INSTALL}'
INSTALL_STRIP_PROGRAM='$(install_sh) -c -s'
INTLLIBS=''
INTL_MACOSX_LIBS=''
LDFLAGS=''
LIBICONV='-liconv'
LIBINTL=''
LIBOBJS=''
LIBS=''
LTLIBICONV='-liconv'
LTLIBINTL=''
LTLIBOBJS=''
MAKEINFO='${SHELL} /root/Desktop/ecs/ecs40/hw2/xboard-4.7.3/missing makeinfo'
MINFO='makeinfo'
MKDIR_P='/bin/mkdir -p'
MSGFMT='/usr/bin/msgfmt'
MSGFMT_015='/usr/bin/msgfmt'
MSGMERGE='/usr/bin/msgmerge'
NROFF='nroff -man'
NROFFFLAGS=''
OBJEXT='o'
PACKAGE='xboard'
PACKAGE_BUGREPORT='bug-xboard@gnu.org'
PACKAGE_NAME='xboard'
PACKAGE_STRING='xboard 4.7.3'
PACKAGE_TARNAME='xboard'
PACKAGE_URL=''
PACKAGE_VERSION='4.7.3'
PATH_SEPARATOR=':'
PERLPATH='/usr/bin/perl'
PKGCONFIG='pkg-config'
PKG_CONFIG='/usr/bin/pkg-config'
PKG_CONFIG_LIBDIR=''
PKG_CONFIG_PATH=''
POST_XMULIB=''
POSUB=''
PRE_XMULIB=''
RSH='rsh'
SET_MAKE=''
SHELL='/bin/sh'
STRIP=''
USE_NLS='no'
VERSION='4.7.3'
XDG_DESKTOP_MENU='/usr/bin/xdg-desktop-menu'
XDG_ICON_RESOURCE='/usr/bin/xdg-icon-resource'
XDG_MIME='/usr/bin/xdg-mime'
XGETTEXT='/usr/bin/xgettext'
XGETTEXT_015='/usr/bin/xgettext'
XGETTEXT_EXTRA_OPTIONS=''
XMKMF=''
X_CFLAGS=''
X_EXTRA_LIBS=''
X_LIBS='-lXpm  -lSM -lICE   -lXmu -lX11 -lXt '
X_PRE_LIBS='-lXpm  -lSM -lICE'
ZIPPY_FALSE=''
ZIPPY_TRUE='#'
ac_ct_CC='gcc'
am__EXEEXT_FALSE=''
am__EXEEXT_TRUE='#'
am__fastdepCC_FALSE='#'
am__fastdepCC_TRUE=''
am__include='include'
am__isrc=''
am__leading_dot='.'
am__nodep='_no'
am__quote=''
am__tar='$${TAR-tar} chof - "$$tardir"'
am__untar='$${TAR-tar} xf -'
bindir='${exec_prefix}/bin'
build='x86_64-unknown-linux-gnu'
build_alias=''
build_cpu='x86_64'
build_os='linux-gnu'
build_vendor='unknown'
datadir='${datarootdir}'
datarootdir='${prefix}/share'
docdir='${datarootdir}/doc/${PACKAGE_TARNAME}'
dvidir='${docdir}'
exec_prefix='${prefix}'
host='x86_64-unknown-linux-gnu'
host_alias=''
host_cpu='x86_64'
host_os='linux-gnu'
host_vendor='unknown'
htmldir='${docdir}'
includedir='${prefix}/include'
infodir='${datarootdir}/info'
install_sh='${SHELL} /root/Desktop/ecs/ecs40/hw2/xboard-4.7.3/install-sh'
libdir='${exec_prefix}/lib'
libexecdir='${exec_prefix}/libexec'
localedir='${datarootdir}/locale'
localstatedir='${prefix}/var'
mandir='${datarootdir}/man'
mkdir_p='/bin/mkdir -p'
oldincludedir='/usr/include'
pdfdir='${docdir}'
prefix='/usr/local'
program_transform_name='s,x,x,'
psdir='${docdir}'
sbindir='${exec_prefix}/sbin'
sharedstatedir='${prefix}/com'
sysconfdir='${prefix}/etc'
target_alias=''
withGTK_FALSE=''
withGTK_TRUE='#'
withXaw_FALSE='#'
withXaw_TRUE=''

## ----------- ##
## confdefs.h. ##
## ----------- ##

/* confdefs.h */
#define PACKAGE_NAME "xboard"
#define PACKAGE_TARNAME "xboard"
#define PACKAGE_VERSION "4.7.3"
#define PACKAGE_STRING "xboard 4.7.3"
#define PACKAGE_BUGREPORT "bug-xboard@gnu.org"
#define PACKAGE_URL ""
#define PACKAGE "xboard"
#define VERSION "4.7.3"
#define REMOTE_SHELL "rsh"
#define STDC_HEADERS 1
#define TIME_WITH_SYS_TIME 1
#define HAVE_SYS_WAIT_H 1
#define HAVE_DIRENT_H 1
#define RETSIGTYPE void
#define HAVE_SYS_TYPES_H 1
#define HAVE_SYS_STAT_H 1
#define HAVE_STDLIB_H 1
#define HAVE_STRING_H 1
#define HAVE_MEMORY_H 1
#define HAVE_STRINGS_H 1
#define HAVE_INTTYPES_H 1
#define HAVE_STDINT_H 1
#define HAVE_UNISTD_H 1
#define HAVE_SYS_TIME_H 1
#define HAVE_STRING_H 1
#define HAVE_UNISTD_H 1
#define HAVE_FCNTL_H 1
#define HAVE_SYS_SOCKET_H 1
#define HAVE_GRANTPT 1
#define HAVE_SETITIMER 1
#define HAVE_USLEEP 1
#define HAVE_GETTIMEOFDAY 1
#define HAVE_RANDOM 1
#define HAVE_GETHOSTNAME 1
#define HAVE_X11_XPM_H 1
#define HAVE_LIBXPM 1
#define USE_PTYS 0
#define ZIPPY 0
#define ATTENTION 1

configure: exit 0
